0 info it worked if it ends with ok
1 verbose cli [ 'node', '/usr/local/bin/npm', 'install', '-g', 'peerflix' ]
2 info using npm@1.4.28
3 info using node@v0.10.32
4 verbose cache add [ 'peerflix', null ]
5 verbose cache add name=undefined spec="peerflix" args=["peerflix",null]
6 verbose parsed url { protocol: null,
6 verbose parsed url   slashes: null,
6 verbose parsed url   auth: null,
6 verbose parsed url   host: null,
6 verbose parsed url   port: null,
6 verbose parsed url   hostname: null,
6 verbose parsed url   hash: null,
6 verbose parsed url   search: null,
6 verbose parsed url   query: null,
6 verbose parsed url   pathname: 'peerflix',
6 verbose parsed url   path: 'peerflix',
6 verbose parsed url   href: 'peerflix' }
7 silly lockFile 754afa96-peerflix peerflix
8 verbose lock peerflix /Users/pabloperez/.npm/754afa96-peerflix.lock
9 silly lockFile 754afa96-peerflix peerflix
10 silly lockFile 754afa96-peerflix peerflix
11 verbose addNamed [ 'peerflix', '' ]
12 verbose addNamed [ null, '*' ]
13 silly lockFile 5670942f-peerflix peerflix@
14 verbose lock peerflix@ /Users/pabloperez/.npm/5670942f-peerflix.lock
15 silly addNameRange { name: 'peerflix', range: '*', hasData: false }
16 verbose request where is /peerflix
17 verbose request registry https://registry.npmjs.org/
18 verbose request id 8559deea54633c95
19 verbose url raw /peerflix
20 verbose url resolving [ 'https://registry.npmjs.org/', './peerflix' ]
21 verbose url resolved https://registry.npmjs.org/peerflix
22 verbose request where is https://registry.npmjs.org/peerflix
23 info trying registry request attempt 1 at 17:32:46
24 http GET https://registry.npmjs.org/peerflix
25 http 200 https://registry.npmjs.org/peerflix
26 silly registry.get cb [ 200,
26 silly registry.get   { date: 'Thu, 16 Oct 2014 20:32:48 GMT',
26 silly registry.get     server: 'CouchDB/1.5.0 (Erlang OTP/R16B03)',
26 silly registry.get     etag: '"EK5G5WAR5KPJQ7LFARR3MC03F"',
26 silly registry.get     'content-type': 'application/json',
26 silly registry.get     'cache-control': 'max-age=60',
26 silly registry.get     'content-length': '94413',
26 silly registry.get     'accept-ranges': 'bytes',
26 silly registry.get     via: '1.1 varnish',
26 silly registry.get     age: '0',
26 silly registry.get     'x-served-by': 'cache-jfk1035-JFK',
26 silly registry.get     'x-cache': 'MISS',
26 silly registry.get     'x-cache-hits': '0',
26 silly registry.get     'x-timer': 'S1413491567.839801,VS0,VE179',
26 silly registry.get     vary: 'Accept',
26 silly registry.get     'keep-alive': 'timeout=10, max=50',
26 silly registry.get     connection: 'Keep-Alive' } ]
27 silly addNameRange number 2 { name: 'peerflix', range: '*', hasData: true }
28 silly addNameRange versions [ 'peerflix',
28 silly addNameRange   [ '0.0.1',
28 silly addNameRange     '0.0.2',
28 silly addNameRange     '0.0.3',
28 silly addNameRange     '0.0.4',
28 silly addNameRange     '0.0.5',
28 silly addNameRange     '0.0.6',
28 silly addNameRange     '0.0.7',
28 silly addNameRange     '0.0.8',
28 silly addNameRange     '0.0.9',
28 silly addNameRange     '0.0.10',
28 silly addNameRange     '0.0.11',
28 silly addNameRange     '0.0.12',
28 silly addNameRange     '0.0.13',
28 silly addNameRange     '0.0.15',
28 silly addNameRange     '0.0.16',
28 silly addNameRange     '0.0.17',
28 silly addNameRange     '0.0.18',
28 silly addNameRange     '0.0.19',
28 silly addNameRange     '0.0.21',
28 silly addNameRange     '0.0.22',
28 silly addNameRange     '0.0.23',
28 silly addNameRange     '0.0.24',
28 silly addNameRange     '0.0.25',
28 silly addNameRange     '0.0.26',
28 silly addNameRange     '0.0.27',
28 silly addNameRange     '0.0.28',
28 silly addNameRange     '0.0.29',
28 silly addNameRange     '0.0.30',
28 silly addNameRange     '0.0.31',
28 silly addNameRange     '0.0.32',
28 silly addNameRange     '0.0.33',
28 silly addNameRange     '0.0.34',
28 silly addNameRange     '0.0.35',
28 silly addNameRange     '0.0.36',
28 silly addNameRange     '0.0.37',
28 silly addNameRange     '0.0.38',
28 silly addNameRange     '0.0.39',
28 silly addNameRange     '0.1.0',
28 silly addNameRange     '0.1.1',
28 silly addNameRange     '0.1.3',
28 silly addNameRange     '0.1.4',
28 silly addNameRange     '0.1.5',
28 silly addNameRange     '0.1.6',
28 silly addNameRange     '0.2.0',
28 silly addNameRange     '0.2.1',
28 silly addNameRange     '0.2.2',
28 silly addNameRange     '0.2.3',
28 silly addNameRange     '0.3.0',
28 silly addNameRange     '0.3.1',
28 silly addNameRange     '0.4.0',
28 silly addNameRange     '0.4.2',
28 silly addNameRange     '0.4.3',
28 silly addNameRange     '0.5.0',
28 silly addNameRange     '0.5.1',
28 silly addNameRange     '0.5.2',
28 silly addNameRange     '0.5.3',
28 silly addNameRange     '0.5.4',
28 silly addNameRange     '0.5.5',
28 silly addNameRange     '0.6.0',
28 silly addNameRange     '0.6.1',
28 silly addNameRange     '0.7.0',
28 silly addNameRange     '0.8.0',
28 silly addNameRange     '0.8.1',
28 silly addNameRange     '0.8.2',
28 silly addNameRange     '0.8.3',
28 silly addNameRange     '0.8.4',
28 silly addNameRange     '0.8.5',
28 silly addNameRange     '0.8.6',
28 silly addNameRange     '0.8.7',
28 silly addNameRange     '0.9.0',
28 silly addNameRange     '0.9.1',
28 silly addNameRange     '0.9.2',
28 silly addNameRange     '0.10.0',
28 silly addNameRange     '0.10.1',
28 silly addNameRange     '0.10.2',
28 silly addNameRange     '0.10.3',
28 silly addNameRange     '0.10.4',
28 silly addNameRange     '0.10.6',
28 silly addNameRange     '0.10.7',
28 silly addNameRange     '0.10.8',
28 silly addNameRange     '0.10.9',
28 silly addNameRange     '0.10.10',
28 silly addNameRange     '0.11.0',
28 silly addNameRange     '0.11.1',
28 silly addNameRange     '0.12.0',
28 silly addNameRange     '0.13.0',
28 silly addNameRange     '0.13.2',
28 silly addNameRange     '0.14.0',
28 silly addNameRange     '0.15.0',
28 silly addNameRange     '0.16.0',
28 silly addNameRange     '0.16.1',
28 silly addNameRange     '0.17.0',
28 silly addNameRange     '0.18.0',
28 silly addNameRange     '0.19.0',
28 silly addNameRange     '0.19.1' ] ]
29 verbose addNamed [ 'peerflix', '0.19.1' ]
30 verbose addNamed [ '0.19.1', '0.19.1' ]
31 silly lockFile ce0d4b97-peerflix-0-19-1 peerflix@0.19.1
32 verbose lock peerflix@0.19.1 /Users/pabloperez/.npm/ce0d4b97-peerflix-0-19-1.lock
33 silly lockFile fe4934c5-org-peerflix-peerflix-0-19-1-tgz https://registry.npmjs.org/peerflix/-/peerflix-0.19.1.tgz
34 verbose lock https://registry.npmjs.org/peerflix/-/peerflix-0.19.1.tgz /Users/pabloperez/.npm/fe4934c5-org-peerflix-peerflix-0-19-1-tgz.lock
35 verbose addRemoteTarball [ 'https://registry.npmjs.org/peerflix/-/peerflix-0.19.1.tgz',
35 verbose addRemoteTarball   'ebcb49a4f48f8d18fe513beae1d8d3f9c462d8cc' ]
36 info retry fetch attempt 1 at 17:32:48
37 verbose fetch to= /var/folders/l0/8t6llpqj1wn8qxmq87d2m5200000gn/T/npm-4392-e4w0YzDq/registry.npmjs.org/peerflix/-/peerflix-0.19.1.tgz
38 http GET https://registry.npmjs.org/peerflix/-/peerflix-0.19.1.tgz
39 http 200 https://registry.npmjs.org/peerflix/-/peerflix-0.19.1.tgz
40 silly lockFile fe4934c5-org-peerflix-peerflix-0-19-1-tgz https://registry.npmjs.org/peerflix/-/peerflix-0.19.1.tgz
41 silly lockFile fe4934c5-org-peerflix-peerflix-0-19-1-tgz https://registry.npmjs.org/peerflix/-/peerflix-0.19.1.tgz
42 silly lockFile ce0d4b97-peerflix-0-19-1 peerflix@0.19.1
43 silly lockFile ce0d4b97-peerflix-0-19-1 peerflix@0.19.1
44 silly lockFile 5670942f-peerflix peerflix@
45 silly lockFile 5670942f-peerflix peerflix@
46 silly resolved [ { name: 'peerflix',
46 silly resolved     version: '0.19.1',
46 silly resolved     license: 'MIT',
46 silly resolved     repository: { type: 'git', url: 'git://github.com/mafintosh/peerflix.git' },
46 silly resolved     bin: { peerflix: './app.js' },
46 silly resolved     dependencies:
46 silly resolved      { 'airplay-js': '^0.2.0',
46 silly resolved        clivas: '^0.1.4',
46 silly resolved        mime: '^1.2.11',
46 silly resolved        'network-address': '0.0.4',
46 silly resolved        numeral: '^1.5.3',
46 silly resolved        optimist: '^0.6.1',
46 silly resolved        pump: '^0.3.1',
46 silly resolved        'range-parser': '^1.0.0',
46 silly resolved        rc: '^0.4.0',
46 silly resolved        'read-torrent': '^0.2.0',
46 silly resolved        'torrent-stream': '^0.15.1',
46 silly resolved        'windows-no-runnable': '~0.0.6' },
46 silly resolved     gitHead: '4c79975c5b003d501bae490f3c7417655e32ae8b',
46 silly resolved     description: 'Streaming torrent client for Node.js',
46 silly resolved     bugs: { url: 'https://github.com/mafintosh/peerflix/issues' },
46 silly resolved     homepage: 'https://github.com/mafintosh/peerflix',
46 silly resolved     _id: 'peerflix@0.19.1',
46 silly resolved     scripts: {},
46 silly resolved     _shasum: 'ebcb49a4f48f8d18fe513beae1d8d3f9c462d8cc',
46 silly resolved     _from: 'peerflix@',
46 silly resolved     _npmVersion: '2.0.0',
46 silly resolved     _npmUser: { name: 'mafintosh', email: 'mathiasbuus@gmail.com' },
46 silly resolved     maintainers: [ [Object] ],
46 silly resolved     dist:
46 silly resolved      { shasum: 'ebcb49a4f48f8d18fe513beae1d8d3f9c462d8cc',
46 silly resolved        tarball: 'http://registry.npmjs.org/peerflix/-/peerflix-0.19.1.tgz' },
46 silly resolved     directories: {},
46 silly resolved     _resolved: 'https://registry.npmjs.org/peerflix/-/peerflix-0.19.1.tgz' } ]
47 info install peerflix@0.19.1 into /usr/local/lib
48 info installOne peerflix@0.19.1
49 verbose lib/node_modules/peerflix unbuild
50 verbose tar unpack /Users/pabloperez/.npm/peerflix/0.19.1/package.tgz
51 silly lockFile 3a9bfa5e--local-lib-node-modules-peerflix tar:///usr/local/lib/node_modules/peerflix
52 verbose lock tar:///usr/local/lib/node_modules/peerflix /Users/pabloperez/.npm/3a9bfa5e--local-lib-node-modules-peerflix.lock
53 silly lockFile 59e08503--npm-peerflix-0-19-1-package-tgz tar:///Users/pabloperez/.npm/peerflix/0.19.1/package.tgz
54 verbose lock tar:///Users/pabloperez/.npm/peerflix/0.19.1/package.tgz /Users/pabloperez/.npm/59e08503--npm-peerflix-0-19-1-package-tgz.lock
55 silly gunzTarPerm modes [ '755', '644' ]
56 error Error: EACCES, mkdir '/usr/local/lib/node_modules/peerflix'
56 error  { [Error: EACCES, mkdir '/usr/local/lib/node_modules/peerflix']
56 error   errno: 3,
56 error   code: 'EACCES',
56 error   path: '/usr/local/lib/node_modules/peerflix',
56 error   fstream_type: 'Directory',
56 error   fstream_path: '/usr/local/lib/node_modules/peerflix',
56 error   fstream_class: 'DirWriter',
56 error   fstream_stack:
56 error    [ '/usr/local/lib/node_modules/npm/node_modules/fstream/lib/dir-writer.js:36:23',
56 error      '/usr/local/lib/node_modules/npm/node_modules/mkdirp/index.js:46:53',
56 error      'Object.oncomplete (fs.js:107:15)' ] }
57 error Please try running this command again as root/Administrator.
58 error System Darwin 13.4.0
59 error command "node" "/usr/local/bin/npm" "install" "-g" "peerflix"
60 error cwd /Users/pabloperez/Desktop/Ceducation
61 error node -v v0.10.32
62 error npm -v 1.4.28
63 error path /usr/local/lib/node_modules/peerflix
64 error fstream_path /usr/local/lib/node_modules/peerflix
65 error fstream_type Directory
66 error fstream_class DirWriter
67 error code EACCES
68 error errno 3
69 error stack Error: EACCES, mkdir '/usr/local/lib/node_modules/peerflix'
70 error fstream_stack /usr/local/lib/node_modules/npm/node_modules/fstream/lib/dir-writer.js:36:23
70 error fstream_stack /usr/local/lib/node_modules/npm/node_modules/mkdirp/index.js:46:53
70 error fstream_stack Object.oncomplete (fs.js:107:15)
71 verbose exit [ 3, true ]
